<?xml version="1.0" encoding="UTF-8"?>
<!-- Generated by org.testng.reporters.JUnitReportReporter -->
<testsuite hostname="PHANISON-ACER-SWIFT-3" failures="0" tests="1" name="com.base.Base" time="15.418" errors="0" timestamp="2023-06-04T17:24:33 IST" skipped="0">
  <testcase classname="com.base.Base" name="sampleTest" time="15.418"/>
  <system-out/>
</testsuite> <!-- com.base.Base -->
